<?xml version="1.0" encoding="UTF-8"?>
<testng-results ignored="0" total="1" passed="1" failed="0" skipped="0">
  <reporter-output>
  </reporter-output>
  <suite started-at="2025-01-13T02:45:45 PKT" name="Default suite" finished-at="2025-01-13T02:46:26 PKT" duration-ms="40742">
    <groups>
    </groups>
    <test started-at="2025-01-13T02:45:45 PKT" name="Default test" finished-at="2025-01-13T02:46:26 PKT" duration-ms="40742">
      <class name="com.automation.testcases.LpUserSignupTest">
        <test-method is-config="true" signature="setUpSuite()[pri:0, instance:com.automation.testcases.LpUserSignupTest@609cd4d8]" started-at="2025-01-13T02:45:45 PKT" name="setUpSuite" finished-at="2025-01-13T02:45:45 PKT" duration-ms="12" status="PASS">
          <reporter-output>
          </reporter-output>
        </test-method> <!-- setUpSuite -->
        <test-method is-config="true" signature="setUp()[pri:0, instance:com.automation.testcases.LpUserSignupTest@609cd4d8]" started-at="2025-01-13T02:45:45 PKT" name="setUp" finished-at="2025-01-13T02:45:49 PKT" duration-ms="3709" status="PASS">
          <reporter-output>
          </reporter-output>
        </test-method> <!-- setUp -->
        <test-method signature="LpAccountCreation()[pri:0, instance:com.automation.testcases.LpUserSignupTest@609cd4d8]" started-at="2025-01-13T02:45:49 PKT" name="LpAccountCreation" finished-at="2025-01-13T02:46:26 PKT" duration-ms="36765" status="PASS">
          <reporter-output>
          </reporter-output>
        </test-method> <!-- LpAccountCreation -->
        <test-method is-config="true" signature="tearDown()[pri:0, instance:com.automation.testcases.LpUserSignupTest@609cd4d8]" started-at="2025-01-13T02:46:26 PKT" name="tearDown" finished-at="2025-01-13T02:46:26 PKT" duration-ms="237" status="PASS">
          <reporter-output>
          </reporter-output>
        </test-method> <!-- tearDown -->
      </class> <!-- com.automation.testcases.LpUserSignupTest -->
    </test> <!-- Default test -->
  </suite> <!-- Default suite -->
</testng-results>
